<?xml version="1.0" encoding="UTF-8"?>
<!-- Generated by org.testng.reporters.JUnitReportReporter -->
<testsuite hostname="DESKTOP-OMLAF7D" failures="0" tests="2" name="testrunners.EmployeeRegTest" time="38.224" errors="0" timestamp="07 Apr 2025 07:13:30 GMT" skipped="0">
  <testcase classname="testrunners.EmployeeRegTest" name="runScenario" time="19.543"/>
  <testcase classname="testrunners.EmployeeRegTest" name="runScenario" time="18.681"/>
</testsuite> <!-- testrunners.EmployeeRegTest -->
