<?xml version="1.0" encoding="UTF-8"?>
<!-- Generated by org.testng.reporters.JUnitReportReporter -->
<testsuite hostname="DESKTOP-OMLAF7D" failures="0" tests="2" name="testrunners.EmployeeRegTest" time="23.156" errors="0" timestamp="24 Nov 2024 15:39:54 GMT" skipped="0">
  <testcase classname="testrunners.EmployeeRegTest" name="runScenario" time="13.367"/>
  <testcase classname="testrunners.EmployeeRegTest" name="runScenario" time="9.789"/>
</testsuite> <!-- testrunners.EmployeeRegTest -->
