<?xml version="1.0" encoding="UTF-8"?>
<!-- Generated by org.testng.reporters.JUnitReportReporter -->
<testsuite hostname="DESKTOP-OMLAF7D" failures="0" tests="2" name="testrunners.EmployeeRegTest" time="46.934" errors="0" timestamp="20 Aug 2025 16:04:33 GMT" skipped="0">
  <testcase classname="testrunners.EmployeeRegTest" name="runScenario" time="22.565"/>
  <testcase classname="testrunners.EmployeeRegTest" name="runScenario" time="24.369"/>
</testsuite> <!-- testrunners.EmployeeRegTest -->
