<?xml version="1.0" encoding="UTF-8"?>
<!-- Generated by org.testng.reporters.JUnitReportReporter -->
<testsuite hostname="MrBijayKumar" failures="0" tests="2" name="testrunners.EmployeeRegTest" time="29.522" errors="0" timestamp="24 Sep 2024 14:15:12 GMT" skipped="0">
  <testcase classname="testrunners.EmployeeRegTest" name="runScenario" time="15.977"/>
  <testcase classname="testrunners.EmployeeRegTest" name="runScenario" time="13.545"/>
</testsuite> <!-- testrunners.EmployeeRegTest -->
