<?xml version="1.0" encoding="UTF-8"?>
<!-- Generated by org.testng.reporters.JUnitReportReporter -->
<testsuite hostname="MrBijayKumar" failures="0" tests="7" name="testrunners.AdminLoginTest" time="32.207" errors="0" timestamp="27 Jan 2024 12:55:25 GMT" skipped="0">
  <testcase classname="testrunners.AdminLoginTest" name="runScenario" time="6.653"/>
  <testcase classname="testrunners.AdminLoginTest" name="runScenario" time="4.528"/>
  <testcase classname="testrunners.AdminLoginTest" name="runScenario" time="4.048"/>
  <testcase classname="testrunners.AdminLoginTest" name="runScenario" time="4.643"/>
  <testcase classname="testrunners.AdminLoginTest" name="runScenario" time="4.013"/>
  <testcase classname="testrunners.AdminLoginTest" name="runScenario" time="4.246"/>
  <testcase classname="testrunners.AdminLoginTest" name="runScenario" time="4.076"/>
</testsuite> <!-- testrunners.AdminLoginTest -->
